Started GET "/users" for ::1 at 2019-05-07 09:44:19 -0500
  
ActiveRecord::PendingMigrationError (

Migrations are pending. To resolve this issue, run:

        bin/rails db:migrate RAILS_ENV=development

):
  
activerecord (5.1.7) lib/active_record/migration.rb:576:in `check_pending!'
activerecord (5.1.7) lib/active_record/migration.rb:553:in `call'
actionpack (5.1.7) lib/action_dispatch/middleware/callbacks.rb:26:in `block in call'
activesupport (5.1.7) lib/active_support/callbacks.rb:97:in `run_callbacks'
actionpack (5.1.7) lib/action_dispatch/middleware/callbacks.rb:24:in `call'
actionpack (5.1.7) lib/action_dispatch/middleware/executor.rb:12:in `call'
actionpack (5.1.7) lib/action_dispatch/middleware/debug_exceptions.rb:59:in `call'
web-console (3.7.0) lib/web_console/middleware.rb:135:in `call_app'
web-console (3.7.0) lib/web_console/middleware.rb:30:in `block in call'
web-console (3.7.0) lib/web_console/middleware.rb:20:in `catch'
web-console (3.7.0) lib/web_console/middleware.rb:20:in `call'
actionpack (5.1.7) lib/action_dispatch/middleware/show_exceptions.rb:31:in `call'
railties (5.1.7) lib/rails/rack/logger.rb:36:in `call_app'
railties (5.1.7) lib/rails/rack/logger.rb:24:in `block in call'
activesupport (5.1.7) lib/active_support/tagged_logging.rb:69:in `block in tagged'
activesupport (5.1.7) lib/active_support/tagged_logging.rb:26:in `tagged'
activesupport (5.1.7) lib/active_support/tagged_logging.rb:69:in `tagged'
railties (5.1.7) lib/rails/rack/logger.rb:24:in `call'
sprockets-rails (3.2.1) lib/sprockets/rails/quiet_assets.rb:13:in `call'
actionpack (5.1.7) lib/action_dispatch/middleware/remote_ip.rb:79:in `call'
actionpack (5.1.7) lib/action_dispatch/middleware/request_id.rb:25:in `call'
rack (2.0.7) lib/rack/method_override.rb:22:in `call'
rack (2.0.7) lib/rack/runtime.rb:22:in `call'
activesupport (5.1.7) lib/active_support/cache/strategy/local_cache_middleware.rb:27:in `call'
actionpack (5.1.7) lib/action_dispatch/middleware/executor.rb:12:in `call'
actionpack (5.1.7) lib/action_dispatch/middleware/static.rb:125:in `call'
rack (2.0.7) lib/rack/sendfile.rb:111:in `call'
railties (5.1.7) lib/rails/engine.rb:522:in `call'
puma (3.12.1) lib/puma/configuration.rb:227:in `call'
puma (3.12.1) lib/puma/server.rb:660:in `handle_request'
puma (3.12.1) lib/puma/server.rb:474:in `process_client'
puma (3.12.1) lib/puma/server.rb:334:in `block in run'
puma (3.12.1) lib/puma/thread_pool.rb:135:in `block in spawn_thread'
  [1m[35m (0.1ms)[0m  [1m[34mSELECT sqlite_version(*)[0m
  [1m[35m (3.2ms)[0m  [1m[35mCREATE TABLE "schema_migrations" ("version" varchar NOT NULL PRIMARY KEY)[0m
  [1m[35m (1.4ms)[0m  [1m[35mCREATE TABLE "ar_internal_metadata" ("key" varchar NOT NULL PRIMARY KEY, "value" varchar, "created_at" datetime NOT NULL, "updated_at" datetime NOT NULL)[0m
  [1m[35m (0.2ms)[0m  [1m[34mSELECT "schema_migrations"."version" FROM "schema_migrations" ORDER BY "schema_migrations"."version" ASC[0m
Migrating to CreateUsers (20190507121726)
  [1m[35m (0.0ms)[0m  [1m[36mbegin transaction[0m
  [1m[35m (0.4ms)[0m  [1m[35mCREATE TABLE "users" ("id" INTEGER PRIMARY KEY AUTOINCREMENT NOT NULL, "username" varchar, "created_at" datetime NOT NULL, "updated_at" datetime NOT NULL)[0m
  [1m[35mSQL (0.2ms)[0m  [1m[32mINSERT INTO "schema_migrations" ("version") VALUES (?)[0m  [["version", "20190507121726"]]
  [1m[35m (1.2ms)[0m  [1m[36mcommit transaction[0m
  [1m[36mActiveRecord::InternalMetadata Load (0.1ms)[0m  [1m[34mSELECT  "ar_internal_metadata".* FROM "ar_internal_metadata" WHERE "ar_internal_metadata"."key" = ? LIMIT ?[0m  [["key", "environment"], ["LIMIT", 1]]
  [1m[35m (0.0ms)[0m  [1m[36mbegin transaction[0m
  [1m[35mSQL (0.3ms)[0m  [1m[32mINSERT INTO "ar_internal_metadata" ("key", "value", "created_at", "updated_at") VALUES (?, ?, ?, ?)[0m  [["key", "environment"], ["value", "development"], ["created_at", "2019-05-07 14:44:32.976578"], ["updated_at", "2019-05-07 14:44:32.976578"]]
  [1m[35m (1.1ms)[0m  [1m[36mcommit transaction[0m
  [1m[35m (0.1ms)[0m  [1m[34mSELECT "schema_migrations"."version" FROM "schema_migrations" ORDER BY "schema_migrations"."version" ASC[0m
  [1m[35m (0.1ms)[0m  [1m[34mSELECT "schema_migrations"."version" FROM "schema_migrations" ORDER BY "schema_migrations"."version" ASC[0m
  [1m[36mActiveRecord::InternalMetadata Load (0.1ms)[0m  [1m[34mSELECT  "ar_internal_metadata".* FROM "ar_internal_metadata" WHERE "ar_internal_metadata"."key" = ? LIMIT ?[0m  [["key", "environment"], ["LIMIT", 1]]
  [1m[35m (0.0ms)[0m  [1m[36mbegin transaction[0m
  [1m[35m (0.0ms)[0m  [1m[36mcommit transaction[0m
  [1m[35m (0.1ms)[0m  [1m[34mSELECT "schema_migrations"."version" FROM "schema_migrations" ORDER BY "schema_migrations"."version" ASC[0m
Started GET "/users/new" for ::1 at 2019-05-07 09:44:50 -0500
  [1m[35m (0.1ms)[0m  [1m[34mSELECT "schema_migrations"."version" FROM "schema_migrations" ORDER BY "schema_migrations"."version" ASC[0m
Processing by UsersController#new as HTML
  Rendering users/new.html.erb within layouts/application
  Rendered users/new.html.erb within layouts/application (11.4ms)
Completed 500 Internal Server Error in 25ms (ActiveRecord: 0.6ms)


  
ActionView::Template::Error (undefined method `name' for #<User id: nil, username: nil, created_at: nil, updated_at: nil>):
    1: <%= form_for @user do |f| %>
    2: <%= f.label :name %>
    3: <%= f.text_field :name %>
    4: <%= f.submit %>
    5: <% end %> 
  
app/views/users/new.html.erb:3:in `block in _app_views_users_new_html_erb___3089299172438607050_70189347788040'
app/views/users/new.html.erb:1:in `_app_views_users_new_html_erb___3089299172438607050_70189347788040'
Started GET "/users/new" for ::1 at 2019-05-07 09:45:06 -0500
Processing by UsersController#new as HTML
  Rendering users/new.html.erb within layouts/application
  Rendered users/new.html.erb within layouts/application (1.9ms)
Completed 200 OK in 500ms (Views: 497.8ms | ActiveRecord: 0.0ms)


  [1m[35m (0.5ms)[0m  [1m[34mSELECT "schema_migrations"."version" FROM "schema_migrations" ORDER BY "schema_migrations"."version" ASC[0m
Migrating to AddPasswordDigestToUsers (20190507154548)
  [1m[35m (0.1ms)[0m  [1m[36mbegin transaction[0m
  [1m[35m (0.6ms)[0m  [1m[35mALTER TABLE "users" ADD "password_digest" varchar[0m
  [1m[35mSQL (0.5ms)[0m  [1m[32mINSERT INTO "schema_migrations" ("version") VALUES (?)[0m  [["version", "20190507154548"]]
  [1m[35m (1.9ms)[0m  [1m[36mcommit transaction[0m
  [1m[36mActiveRecord::InternalMetadata Load (0.7ms)[0m  [1m[34mSELECT  "ar_internal_metadata".* FROM "ar_internal_metadata" WHERE "ar_internal_metadata"."key" = ? LIMIT ?[0m  [["key", "environment"], ["LIMIT", 1]]
  [1m[35m (0.1ms)[0m  [1m[36mbegin transaction[0m
  [1m[35m (0.0ms)[0m  [1m[36mcommit transaction[0m
  [1m[35m (0.3ms)[0m  [1m[34mSELECT "schema_migrations"."version" FROM "schema_migrations" ORDER BY "schema_migrations"."version" ASC[0m
  [1m[35m (0.1ms)[0m  [1m[36mbegin transaction[0m
  [1m[35mSQL (0.7ms)[0m  [1m[32mINSERT INTO "users" ("username", "created_at", "updated_at", "password_digest") VALUES (?, ?, ?, ?)[0m  [["username", "Vidhi"], ["created_at", "2019-05-07 15:47:32.729666"], ["updated_at", "2019-05-07 15:47:32.729666"], ["password_digest", "$2a$10$5DOcjz2cPCXtF4vYE0UBm.A9TyeM0bWHVgjCDV4I5SLctYDpZlLt2"]]
  [1m[35m (1.2ms)[0m  [1m[36mcommit transaction[0m
  [1m[36mUser Load (0.4ms)[0m  [1m[34mSELECT  "users".* FROM "users" WHERE "users"."username" = ? LIMIT ?[0m  [["username", "Vidhi"], ["LIMIT", 1]]
  [1m[35m (0.1ms)[0m  [1m[36mbegin transaction[0m
  [1m[35mSQL (0.4ms)[0m  [1m[32mINSERT INTO "users" ("username", "created_at", "updated_at", "password_digest") VALUES (?, ?, ?, ?)[0m  [["username", "cool"], ["created_at", "2019-05-07 15:56:55.356841"], ["updated_at", "2019-05-07 15:56:55.356841"], ["password_digest", "$2a$10$k6dgObXcZ.Xqu39sjpXTHuwP4pTClQtAQEuHJP16tcqv1n7e/ynNC"]]
  [1m[35m (2.4ms)[0m  [1m[36mcommit transaction[0m
  [1m[35m (0.1ms)[0m  [1m[36mbegin transaction[0m
  [1m[35m (0.1ms)[0m  [1m[31mrollback transaction[0m
Started GET "/users/new" for ::1 at 2019-05-07 10:59:57 -0500
  [1m[35m (0.2ms)[0m  [1m[34mSELECT "schema_migrations"."version" FROM "schema_migrations" ORDER BY "schema_migrations"."version" ASC[0m
Processing by UsersController#new as HTML
  Rendering users/new.html.erb within layouts/application
  Rendered users/new.html.erb within layouts/application (16.4ms)
Completed 200 OK in 228ms (Views: 214.8ms | ActiveRecord: 0.7ms)


Started GET "/users/new" for ::1 at 2019-05-07 11:00:56 -0500
Processing by UsersController#new as HTML
  Rendering users/new.html.erb within layouts/application
  Rendered users/new.html.erb within layouts/application (5.1ms)
Completed 200 OK in 82ms (Views: 80.0ms | ActiveRecord: 0.0ms)


Started POST "/users" for ::1 at 2019-05-07 11:03:18 -0500
Processing by UsersController#create as HTML
  Parameters: {"utf8"=>"✓", "authenticity_token"=>"Oemgpx8dHcB2Y+I9Ibqqq5YFNaN41qe8U6NoPiKfTRJ5mOZRWU4T8AQgLkV2dAdKqqKk6beFPmxuEXlsYsjoDg==", "user"=>{"username"=>"Scott", "password"=>"[FILTERED]", "password_confirmation"=>"[FILTERED]"}, "commit"=>"Create User"}
  [1m[35m (0.1ms)[0m  [1m[36mbegin transaction[0m
  [1m[35mSQL (0.9ms)[0m  [1m[32mINSERT INTO "users" ("username", "created_at", "updated_at", "password_digest") VALUES (?, ?, ?, ?)[0m  [["username", "Scott"], ["created_at", "2019-05-07 16:03:28.758467"], ["updated_at", "2019-05-07 16:03:28.758467"], ["password_digest", "$2a$10$ThT1OqDW9vFq02AR5MjgLOkHZVWCHqjYYJkp4FOED6UXtbxEtdOHO"]]
  [1m[35m (1.4ms)[0m  [1m[36mcommit transaction[0m
Redirected to http://localhost:3000/users/3
Completed 302 Found in 81ms (ActiveRecord: 3.4ms)


Started GET "/users/3" for ::1 at 2019-05-07 11:03:28 -0500
Processing by UsersController#show as HTML
  Parameters: {"id"=>"3"}
  [1m[36mUser Load (0.2ms)[0m  [1m[34mSELECT  "users".* FROM "users" WHERE "users"."id" = ? LIMIT ?[0m  [["id", 3], ["LIMIT", 1]]
  Rendering users/show.html.erb within layouts/application
  Rendered users/show.html.erb within layouts/application (0.4ms)
Completed 200 OK in 18ms (Views: 13.4ms | ActiveRecord: 0.2ms)


  [1m[36mUser Load (0.2ms)[0m  [1m[34mSELECT  "users".* FROM "users" WHERE "users"."id" = ? LIMIT ?[0m  [["id", 1], ["LIMIT", 1]]
Started GET "/users/new" for ::1 at 2019-05-07 11:05:59 -0500
  [1m[35m (0.2ms)[0m  [1m[34mSELECT "schema_migrations"."version" FROM "schema_migrations" ORDER BY "schema_migrations"."version" ASC[0m
Processing by UsersController#new as HTML
  Rendering users/new.html.erb within layouts/application
  Rendered users/new.html.erb within layouts/application (20.8ms)
Completed 200 OK in 265ms (Views: 250.8ms | ActiveRecord: 0.9ms)


Started POST "/users" for ::1 at 2019-05-07 11:06:08 -0500
Processing by UsersController#create as HTML
  Parameters: {"utf8"=>"✓", "authenticity_token"=>"nvFG1nxeJtv0H0huLVIiPBKXvDcCWTYVtwxgZqytHivegAAgOg0o64ZchBZ6nI/dLjAtfc0Kr8WKvnE07Pq7Nw==", "user"=>{"username"=>"Scott", "password"=>"[FILTERED]", "password_confirmation"=>"[FILTERED]"}, "commit"=>"Create User"}
Completed 500 Internal Server Error in 36766ms (ActiveRecord: 0.0ms)


  
SystemExit (exit):
  
(byebug):1:in `exit'
(byebug):1:in `create'
app/controllers/users_controller.rb:18:in `create'
Started GET "/users/new" for ::1 at 2019-05-07 11:06:49 -0500
Processing by UsersController#new as HTML
  Rendering users/new.html.erb within layouts/application
  Rendered users/new.html.erb within layouts/application (29.4ms)
Completed 200 OK in 230ms (Views: 210.5ms | ActiveRecord: 0.0ms)


Started GET "/users" for ::1 at 2019-05-07 11:22:23 -0500
Started GET "/login" for ::1 at 2019-05-07 11:22:33 -0500
  
AbstractController::ActionNotFound (The action 'index' could not be found for UsersController):
  
actionpack (5.1.7) lib/abstract_controller/base.rb:119:in `process'
actionview (5.1.7) lib/action_view/rendering.rb:30:in `process'
actionpack (5.1.7) lib/action_controller/metal.rb:189:in `dispatch'
actionpack (5.1.7) lib/action_controller/metal.rb:253:in `dispatch'
actionpack (5.1.7) lib/action_dispatch/routing/route_set.rb:49:in `dispatch'
actionpack (5.1.7) lib/action_dispatch/routing/route_set.rb:31:in `serve'
actionpack (5.1.7) lib/action_dispatch/journey/router.rb:50:in `block in serve'
actionpack (5.1.7) lib/action_dispatch/journey/router.rb:33:in `each'
actionpack (5.1.7) lib/action_dispatch/journey/router.rb:33:in `serve'
actionpack (5.1.7) lib/action_dispatch/routing/route_set.rb:844:in `call'
rack (2.0.7) lib/rack/etag.rb:25:in `call'
rack (2.0.7) lib/rack/conditional_get.rb:25:in `call'
rack (2.0.7) lib/rack/head.rb:12:in `call'
rack (2.0.7) lib/rack/session/abstract/id.rb:232:in `context'
rack (2.0.7) lib/rack/session/abstract/id.rb:226:in `call'
actionpack (5.1.7) lib/action_dispatch/middleware/cookies.rb:613:in `call'
activerecord (5.1.7) lib/active_record/migration.rb:556:in `call'
actionpack (5.1.7) lib/action_dispatch/middleware/callbacks.rb:26:in `block in call'
activesupport (5.1.7) lib/active_support/callbacks.rb:97:in `run_callbacks'
actionpack (5.1.7) lib/action_dispatch/middleware/callbacks.rb:24:in `call'
actionpack (5.1.7) lib/action_dispatch/middleware/executor.rb:12:in `call'
actionpack (5.1.7) lib/action_dispatch/middleware/debug_exceptions.rb:59:in `call'
web-console (3.7.0) lib/web_console/middleware.rb:135:in `call_app'
web-console (3.7.0) lib/web_console/middleware.rb:30:in `block in call'
web-console (3.7.0) lib/web_console/middleware.rb:20:in `catch'
web-console (3.7.0) lib/web_console/middleware.rb:20:in `call'
actionpack (5.1.7) lib/action_dispatch/middleware/show_exceptions.rb:31:in `call'
railties (5.1.7) lib/rails/rack/logger.rb:36:in `call_app'
railties (5.1.7) lib/rails/rack/logger.rb:24:in `block in call'
activesupport (5.1.7) lib/active_support/tagged_logging.rb:69:in `block in tagged'
activesupport (5.1.7) lib/active_support/tagged_logging.rb:26:in `tagged'
activesupport (5.1.7) lib/active_support/tagged_logging.rb:69:in `tagged'
railties (5.1.7) lib/rails/rack/logger.rb:24:in `call'
sprockets-rails (3.2.1) lib/sprockets/rails/quiet_assets.rb:13:in `call'
actionpack (5.1.7) lib/action_dispatch/middleware/remote_ip.rb:79:in `call'
actionpack (5.1.7) lib/action_dispatch/middleware/request_id.rb:25:in `call'
rack (2.0.7) lib/rack/method_override.rb:22:in `call'
rack (2.0.7) lib/rack/runtime.rb:22:in `call'
activesupport (5.1.7) lib/active_support/cache/strategy/local_cache_middleware.rb:27:in `call'
actionpack (5.1.7) lib/action_dispatch/middleware/executor.rb:12:in `call'
actionpack (5.1.7) lib/action_dispatch/middleware/static.rb:125:in `call'
rack (2.0.7) lib/rack/sendfile.rb:111:in `call'
railties (5.1.7) lib/rails/engine.rb:522:in `call'
puma (3.12.1) lib/puma/configuration.rb:227:in `call'
puma (3.12.1) lib/puma/server.rb:660:in `handle_request'
puma (3.12.1) lib/puma/server.rb:474:in `process_client'
puma (3.12.1) lib/puma/server.rb:334:in `block in run'
puma (3.12.1) lib/puma/thread_pool.rb:135:in `block in spawn_thread'
Processing by SessionsController#new as HTML
  Rendering sessions/new.html.erb within layouts/application
  Rendered sessions/new.html.erb within layouts/application (5.5ms)
Completed 200 OK in 337ms (Views: 328.1ms)


Started GET "/login" for ::1 at 2019-05-07 11:23:19 -0500
Processing by SessionsController#new as HTML
  Rendering sessions/new.html.erb within layouts/application
  Rendered sessions/new.html.erb within layouts/application (7.6ms)
Completed 200 OK in 311ms (Views: 301.5ms)


Started GET "/login" for ::1 at 2019-05-07 11:24:12 -0500
Processing by SessionsController#new as HTML
  Rendering sessions/new.html.erb within layouts/application
  Rendered sessions/new.html.erb within layouts/application (11.5ms)
Completed 200 OK in 319ms (Views: 308.9ms)


Started GET "/login" for ::1 at 2019-05-07 11:24:30 -0500
Processing by SessionsController#new as HTML
  Rendering sessions/new.html.erb within layouts/application
  Rendered sessions/new.html.erb within layouts/application (21.6ms)
Completed 200 OK in 326ms (Views: 304.0ms)


Started POST "/login" for ::1 at 2019-05-07 11:24:37 -0500
Processing by SessionsController#create as HTML
  Parameters: {"utf8"=>"✓", "authenticity_token"=>"3ThMN9UpL8aC+8SonQZwSxPgpvuxkx7TGQF0UcwWWD6dSQrBk3oh9vC4CNDKyN2qL0c3sX7AhwMks2UDjEH9Ig==", "username"=>"Scott", "password"=>"[FILTERED]", "commit"=>"Login"}
  [1m[36mUser Load (0.3ms)[0m  [1m[34mSELECT  "users".* FROM "users" WHERE "users"."username" = ? LIMIT ?[0m  [["username", "Scott"], ["LIMIT", 1]]
Completed 500 Internal Server Error in 179406ms (ActiveRecord: 1.6ms)


  
SystemExit (exit):
  
(byebug):1:in `exit'
(byebug):1:in `create'
app/controllers/sessions_controller.rb:9:in `create'
Started GET "/login" for ::1 at 2019-05-07 11:27:48 -0500
  [1m[35m (0.1ms)[0m  [1m[34mSELECT "schema_migrations"."version" FROM "schema_migrations" ORDER BY "schema_migrations"."version" ASC[0m
Processing by SessionsController#new as HTML
  Rendering sessions/new.html.erb within layouts/application
  Rendered sessions/new.html.erb within layouts/application (1.6ms)
Completed 200 OK in 181ms (Views: 175.8ms | ActiveRecord: 0.0ms)


Started GET "/login" for ::1 at 2019-05-07 11:31:39 -0500
  [1m[35m (0.2ms)[0m  [1m[34mSELECT "schema_migrations"."version" FROM "schema_migrations" ORDER BY "schema_migrations"."version" ASC[0m
Processing by SessionsController#new as HTML
  Rendering sessions/new.html.erb within layouts/application
  Rendered sessions/new.html.erb within layouts/application (1.8ms)
Completed 200 OK in 174ms (Views: 168.5ms | ActiveRecord: 0.0ms)


Started POST "/login" for ::1 at 2019-05-07 11:31:50 -0500
Processing by SessionsController#create as HTML
  Parameters: {"utf8"=>"✓", "authenticity_token"=>"EfoU7JXRaq5jLDOFAQbizqOQzbF7M/zV3yjc819NV8lRi1Ia04JknhFv//1WyE8vnzdc+7RgZQXims2hHxry1Q==", "username"=>"Vidhi", "password"=>"[FILTERED]", "commit"=>"Login"}
  [1m[36mUser Load (0.2ms)[0m  [1m[34mSELECT  "users".* FROM "users" WHERE "users"."username" = ? LIMIT ?[0m  [["username", "Vidhi"], ["LIMIT", 1]]
Redirected to http://localhost:3000/users/1
Completed 302 Found in 83ms (ActiveRecord: 1.4ms)


Started GET "/users/1" for ::1 at 2019-05-07 11:31:50 -0500
Processing by UsersController#show as HTML
  Parameters: {"id"=>"1"}
  [1m[36mUser Load (0.2ms)[0m  [1m[34mSELECT  "users".* FROM "users" WHERE "users"."id" = ? LIMIT ?[0m  [["id", 1], ["LIMIT", 1]]
  Rendering users/show.html.erb within layouts/application
  Rendered users/show.html.erb within layouts/application (0.3ms)
Completed 200 OK in 60ms (Views: 56.8ms | ActiveRecord: 0.2ms)


Started GET "/login" for ::1 at 2019-05-07 11:31:55 -0500
Processing by SessionsController#new as HTML
  Rendering sessions/new.html.erb within layouts/application
  Rendered sessions/new.html.erb within layouts/application (1.7ms)
Completed 200 OK in 21ms (Views: 19.2ms | ActiveRecord: 0.0ms)


Started GET "/login" for ::1 at 2019-05-07 11:31:58 -0500
Processing by SessionsController#new as HTML
  Rendering sessions/new.html.erb within layouts/application
  Rendered sessions/new.html.erb within layouts/application (1.6ms)
Completed 200 OK in 22ms (Views: 20.8ms | ActiveRecord: 0.0ms)


Started POST "/login" for ::1 at 2019-05-07 11:32:07 -0500
Processing by SessionsController#create as HTML
  Parameters: {"utf8"=>"✓", "authenticity_token"=>"fYq+SlL6Y6a40KoqznklNNRdnHoGuQXWeVOphN9KYJs9+/i8FKltlsqTZlKZt4jV6PoNMMnqnAZE4bjWnx3Fhw==", "username"=>"Vidhi", "password"=>"[FILTERED]", "commit"=>"Login"}
  [1m[36mUser Load (0.2ms)[0m  [1m[34mSELECT  "users".* FROM "users" WHERE "users"."username" = ? LIMIT ?[0m  [["username", "Vidhi"], ["LIMIT", 1]]
Redirected to http://localhost:3000/login
Completed 302 Found in 72ms (ActiveRecord: 0.2ms)


Started GET "/login" for ::1 at 2019-05-07 11:32:07 -0500
Processing by SessionsController#new as HTML
  Rendering sessions/new.html.erb within layouts/application
  Rendered sessions/new.html.erb within layouts/application (1.7ms)
Completed 200 OK in 35ms (Views: 33.6ms | ActiveRecord: 0.0ms)


Started GET "/login" for ::1 at 2019-05-07 11:36:21 -0500
Processing by SessionsController#new as HTML
  Rendering sessions/new.html.erb within layouts/application
  Rendered sessions/new.html.erb within layouts/application (2.5ms)
Completed 200 OK in 37ms (Views: 35.6ms)


Started POST "/login" for ::1 at 2019-05-07 11:36:48 -0500
Processing by SessionsController#create as HTML
  Parameters: {"utf8"=>"✓", "authenticity_token"=>"6/gn4LdF8fkIwglD7ir9oab/OOodrqnGprWiy7pvXhOriWEW8Rb/yXqBxTu55FBAmlipoNL9MBabB7OZ+jj7Dw==", "username"=>"Vidhi", "password"=>"[FILTERED]", "commit"=>"Login"}
  [1m[36mUser Load (0.6ms)[0m  [1m[34mSELECT  "users".* FROM "users" WHERE "users"."username" = ? LIMIT ?[0m  [["username", "Vidhi"], ["LIMIT", 1]]
Redirected to http://localhost:3000/login
Completed 302 Found in 93ms (ActiveRecord: 3.5ms)


Started GET "/login" for ::1 at 2019-05-07 11:36:48 -0500
Processing by SessionsController#new as HTML
  Rendering sessions/new.html.erb within layouts/application
  Rendered sessions/new.html.erb within layouts/application (1.3ms)
Completed 200 OK in 16ms (Views: 14.4ms | ActiveRecord: 0.0ms)


Started POST "/login" for ::1 at 2019-05-07 11:36:58 -0500
Processing by SessionsController#create as HTML
  Parameters: {"utf8"=>"✓", "authenticity_token"=>"N+n5CFgKJ5dFPO2Y1QnXukEMhpG5dVJO8/o1YPNveqV3mL/+Hlkppzd/IeCCx3pbfasX23Ymy57OSCQyszjfuQ==", "username"=>"Vidhi", "password"=>"[FILTERED]", "commit"=>"Login"}
  [1m[36mUser Load (0.2ms)[0m  [1m[34mSELECT  "users".* FROM "users" WHERE "users"."username" = ? LIMIT ?[0m  [["username", "Vidhi"], ["LIMIT", 1]]
Redirected to http://localhost:3000/users/1
Completed 302 Found in 68ms (ActiveRecord: 0.2ms)


Started GET "/users/1" for ::1 at 2019-05-07 11:36:58 -0500
Processing by UsersController#show as HTML
  Parameters: {"id"=>"1"}
  [1m[36mUser Load (0.4ms)[0m  [1m[34mSELECT  "users".* FROM "users" WHERE "users"."id" = ? LIMIT ?[0m  [["id", 1], ["LIMIT", 1]]
  Rendering users/show.html.erb within layouts/application
  Rendered users/show.html.erb within layouts/application (0.4ms)
Completed 200 OK in 19ms (Views: 16.7ms | ActiveRecord: 0.4ms)


Started GET "/users/2" for ::1 at 2019-05-07 11:37:14 -0500
Processing by UsersController#show as HTML
  Parameters: {"id"=>"2"}
  [1m[36mUser Load (0.2ms)[0m  [1m[34mSELECT  "users".* FROM "users" WHERE "users"."id" = ? LIMIT ?[0m  [["id", 1], ["LIMIT", 1]]
  Rendering users/show.html.erb within layouts/application
  Rendered users/show.html.erb within layouts/application (0.4ms)
Completed 200 OK in 55ms (Views: 53.0ms | ActiveRecord: 0.2ms)


Started GET "/users" for ::1 at 2019-05-07 11:44:39 -0500
  
AbstractController::ActionNotFound (The action 'index' could not be found for UsersController):
  
actionpack (5.1.7) lib/abstract_controller/base.rb:119:in `process'
actionview (5.1.7) lib/action_view/rendering.rb:30:in `process'
actionpack (5.1.7) lib/action_controller/metal.rb:189:in `dispatch'
actionpack (5.1.7) lib/action_controller/metal.rb:253:in `dispatch'
actionpack (5.1.7) lib/action_dispatch/routing/route_set.rb:49:in `dispatch'
actionpack (5.1.7) lib/action_dispatch/routing/route_set.rb:31:in `serve'
actionpack (5.1.7) lib/action_dispatch/journey/router.rb:50:in `block in serve'
actionpack (5.1.7) lib/action_dispatch/journey/router.rb:33:in `each'
actionpack (5.1.7) lib/action_dispatch/journey/router.rb:33:in `serve'
actionpack (5.1.7) lib/action_dispatch/routing/route_set.rb:844:in `call'
rack (2.0.7) lib/rack/etag.rb:25:in `call'
rack (2.0.7) lib/rack/conditional_get.rb:25:in `call'
rack (2.0.7) lib/rack/head.rb:12:in `call'
rack (2.0.7) lib/rack/session/abstract/id.rb:232:in `context'
rack (2.0.7) lib/rack/session/abstract/id.rb:226:in `call'
actionpack (5.1.7) lib/action_dispatch/middleware/cookies.rb:613:in `call'
activerecord (5.1.7) lib/active_record/migration.rb:556:in `call'
actionpack (5.1.7) lib/action_dispatch/middleware/callbacks.rb:26:in `block in call'
activesupport (5.1.7) lib/active_support/callbacks.rb:97:in `run_callbacks'
actionpack (5.1.7) lib/action_dispatch/middleware/callbacks.rb:24:in `call'
actionpack (5.1.7) lib/action_dispatch/middleware/executor.rb:12:in `call'
actionpack (5.1.7) lib/action_dispatch/middleware/debug_exceptions.rb:59:in `call'
web-console (3.7.0) lib/web_console/middleware.rb:135:in `call_app'
web-console (3.7.0) lib/web_console/middleware.rb:30:in `block in call'
web-console (3.7.0) lib/web_console/middleware.rb:20:in `catch'
web-console (3.7.0) lib/web_console/middleware.rb:20:in `call'
actionpack (5.1.7) lib/action_dispatch/middleware/show_exceptions.rb:31:in `call'
railties (5.1.7) lib/rails/rack/logger.rb:36:in `call_app'
railties (5.1.7) lib/rails/rack/logger.rb:24:in `block in call'
activesupport (5.1.7) lib/active_support/tagged_logging.rb:69:in `block in tagged'
activesupport (5.1.7) lib/active_support/tagged_logging.rb:26:in `tagged'
activesupport (5.1.7) lib/active_support/tagged_logging.rb:69:in `tagged'
railties (5.1.7) lib/rails/rack/logger.rb:24:in `call'
sprockets-rails (3.2.1) lib/sprockets/rails/quiet_assets.rb:13:in `call'
actionpack (5.1.7) lib/action_dispatch/middleware/remote_ip.rb:79:in `call'
actionpack (5.1.7) lib/action_dispatch/middleware/request_id.rb:25:in `call'
rack (2.0.7) lib/rack/method_override.rb:22:in `call'
rack (2.0.7) lib/rack/runtime.rb:22:in `call'
activesupport (5.1.7) lib/active_support/cache/strategy/local_cache_middleware.rb:27:in `call'
actionpack (5.1.7) lib/action_dispatch/middleware/executor.rb:12:in `call'
actionpack (5.1.7) lib/action_dispatch/middleware/static.rb:125:in `call'
rack (2.0.7) lib/rack/sendfile.rb:111:in `call'
railties (5.1.7) lib/rails/engine.rb:522:in `call'
puma (3.12.1) lib/puma/configuration.rb:227:in `call'
puma (3.12.1) lib/puma/server.rb:660:in `handle_request'
puma (3.12.1) lib/puma/server.rb:474:in `process_client'
puma (3.12.1) lib/puma/server.rb:334:in `block in run'
puma (3.12.1) lib/puma/thread_pool.rb:135:in `block in spawn_thread'
Started GET "/users/1" for ::1 at 2019-05-07 11:45:29 -0500
Processing by UsersController#show as HTML
  Parameters: {"id"=>"1"}
  [1m[36mUser Load (0.2ms)[0m  [1m[34mSELECT  "users".* FROM "users" WHERE "users"."id" = ? LIMIT ?[0m  [["id", 1], ["LIMIT", 1]]
Redirected to http://localhost:3000/login
Completed 302 Found in 20ms (ActiveRecord: 1.0ms)


Started GET "/login" for ::1 at 2019-05-07 11:45:29 -0500
Processing by SessionsController#new as HTML
  Rendering sessions/new.html.erb within layouts/application
  Rendered sessions/new.html.erb within layouts/application (1.1ms)
Completed 200 OK in 36ms (Views: 32.2ms | ActiveRecord: 0.0ms)


Started POST "/login" for ::1 at 2019-05-07 11:45:38 -0500
Processing by SessionsController#create as HTML
  Parameters: {"utf8"=>"✓", "authenticity_token"=>"KINuIzUEyIqJG6CfG3cZsBAy4463tTqnjhIKgK7O7Ylo8ijVc1fGuvtYbOdMubRRLJVyxHjmo3ezoBvS7plIlQ==", "username"=>"Vidhi", "password"=>"[FILTERED]", "commit"=>"Login"}
  [1m[36mUser Load (0.3ms)[0m  [1m[34mSELECT  "users".* FROM "users" WHERE "users"."username" = ? LIMIT ?[0m  [["username", "Vidhi"], ["LIMIT", 1]]
Redirected to http://localhost:3000/users/1
Completed 302 Found in 69ms (ActiveRecord: 0.3ms)


Started GET "/users/1" for ::1 at 2019-05-07 11:45:38 -0500
Processing by UsersController#show as HTML
  Parameters: {"id"=>"1"}
  [1m[36mUser Load (0.1ms)[0m  [1m[34mSELECT  "users".* FROM "users" WHERE "users"."id" = ? LIMIT ?[0m  [["id", 1], ["LIMIT", 1]]
Redirected to http://localhost:3000/login
Completed 302 Found in 2ms (ActiveRecord: 0.1ms)


Started GET "/login" for ::1 at 2019-05-07 11:45:38 -0500
Processing by SessionsController#new as HTML
  Rendering sessions/new.html.erb within layouts/application
  Rendered sessions/new.html.erb within layouts/application (0.9ms)
Completed 200 OK in 16ms (Views: 14.4ms | ActiveRecord: 0.0ms)


Started POST "/login" for ::1 at 2019-05-07 11:45:49 -0500
Processing by SessionsController#create as HTML
  Parameters: {"utf8"=>"✓", "authenticity_token"=>"sftG6/VpP7Uc9XE8A512CDDjj7B4teX5puhuCEH6xAPxigAdszoxhW62vURUU9vpDEQe+rfmfCmbWn9aAa1hHw==", "username"=>"Vidhi", "password"=>"[FILTERED]", "commit"=>"Login"}
  [1m[36mUser Load (0.2ms)[0m  [1m[34mSELECT  "users".* FROM "users" WHERE "users"."username" = ? LIMIT ?[0m  [["username", "Vidhi"], ["LIMIT", 1]]
Redirected to http://localhost:3000/users/1
Completed 302 Found in 74ms (ActiveRecord: 0.2ms)


Started GET "/users/1" for ::1 at 2019-05-07 11:45:49 -0500
Processing by UsersController#show as HTML
  Parameters: {"id"=>"1"}
  [1m[36mUser Load (0.1ms)[0m  [1m[34mSELECT  "users".* FROM "users" WHERE "users"."id" = ? LIMIT ?[0m  [["id", 1], ["LIMIT", 1]]
Redirected to http://localhost:3000/login
Completed 302 Found in 1ms (ActiveRecord: 0.1ms)


Started GET "/login" for ::1 at 2019-05-07 11:45:49 -0500
Processing by SessionsController#new as HTML
  Rendering sessions/new.html.erb within layouts/application
  Rendered sessions/new.html.erb within layouts/application (1.0ms)
Completed 200 OK in 16ms (Views: 15.0ms | ActiveRecord: 0.0ms)


Started POST "/login" for ::1 at 2019-05-07 11:46:19 -0500
Processing by SessionsController#create as HTML
  Parameters: {"utf8"=>"✓", "authenticity_token"=>"X3uLZBNxe8K0JDWBLQSUrhAWkyqfHEXlxiAJSW1MJQ0fCs2SVSJ18sZn+fl6yjlPLLECYFBP3DX7khgbLRuAEQ==", "username"=>"Vidhi", "password"=>"[FILTERED]", "commit"=>"Login"}
  [1m[36mUser Load (0.3ms)[0m  [1m[34mSELECT  "users".* FROM "users" WHERE "users"."username" = ? LIMIT ?[0m  [["username", "Vidhi"], ["LIMIT", 1]]
Redirected to http://localhost:3000/users/1
Completed 302 Found in 76ms (ActiveRecord: 1.2ms)


Started GET "/users/1" for ::1 at 2019-05-07 11:46:19 -0500
Processing by UsersController#show as HTML
  Parameters: {"id"=>"1"}
  [1m[36mUser Load (0.2ms)[0m  [1m[34mSELECT  "users".* FROM "users" WHERE "users"."id" = ? LIMIT ?[0m  [["id", 1], ["LIMIT", 1]]
  [1m[36mCACHE User Load (0.0ms)[0m  [1m[34mSELECT  "users".* FROM "users" WHERE "users"."id" = ? LIMIT ?[0m  [["id", 1], ["LIMIT", 1]]
  Rendering users/show.html.erb within layouts/application
  Rendered users/show.html.erb within layouts/application (0.5ms)
Completed 200 OK in 19ms (Views: 15.9ms | ActiveRecord: 0.2ms)


Started GET "/users/1" for ::1 at 2019-05-07 11:48:12 -0500
Processing by UsersController#show as HTML
  Parameters: {"id"=>"1"}
  [1m[36mUser Load (0.2ms)[0m  [1m[34mSELECT  "users".* FROM "users" WHERE "users"."id" = ? LIMIT ?[0m  [["id", 1], ["LIMIT", 1]]
  [1m[36mCACHE User Load (0.0ms)[0m  [1m[34mSELECT  "users".* FROM "users" WHERE "users"."id" = ? LIMIT ?[0m  [["id", 1], ["LIMIT", 1]]
  [1m[36mCACHE User Load (0.0ms)[0m  [1m[34mSELECT  "users".* FROM "users" WHERE "users"."id" = ? LIMIT ?[0m  [["id", 1], ["LIMIT", 1]]
  Rendering users/show.html.erb within layouts/application
  Rendered users/show.html.erb within layouts/application (0.6ms)
Completed 200 OK in 39ms (Views: 26.6ms | ActiveRecord: 0.9ms)


Started GET "/users/new" for ::1 at 2019-05-07 11:48:16 -0500
Processing by UsersController#new as HTML
  [1m[36mUser Load (0.8ms)[0m  [1m[34mSELECT  "users".* FROM "users" WHERE "users"."id" = ? LIMIT ?[0m  [["id", 1], ["LIMIT", 1]]
  Rendering users/new.html.erb within layouts/application
  Rendered users/new.html.erb within layouts/application (21.1ms)
Completed 200 OK in 50ms (Views: 45.9ms | ActiveRecord: 0.8ms)


Started GET "/users/login" for ::1 at 2019-05-07 11:48:21 -0500
Processing by UsersController#show as HTML
  Parameters: {"id"=>"login"}
  [1m[36mUser Load (0.3ms)[0m  [1m[34mSELECT  "users".* FROM "users" WHERE "users"."id" = ? LIMIT ?[0m  [["id", 1], ["LIMIT", 1]]
  [1m[36mCACHE User Load (0.0ms)[0m  [1m[34mSELECT  "users".* FROM "users" WHERE "users"."id" = ? LIMIT ?[0m  [["id", 1], ["LIMIT", 1]]
  [1m[36mCACHE User Load (0.0ms)[0m  [1m[34mSELECT  "users".* FROM "users" WHERE "users"."id" = ? LIMIT ?[0m  [["id", 1], ["LIMIT", 1]]
  Rendering users/show.html.erb within layouts/application
  Rendered users/show.html.erb within layouts/application (0.6ms)
Completed 200 OK in 27ms (Views: 23.7ms | ActiveRecord: 0.3ms)


Started GET "/login" for ::1 at 2019-05-07 11:48:38 -0500
Processing by SessionsController#new as HTML
  [1m[36mUser Load (0.2ms)[0m  [1m[34mSELECT  "users".* FROM "users" WHERE "users"."id" = ? LIMIT ?[0m  [["id", 1], ["LIMIT", 1]]
  Rendering sessions/new.html.erb within layouts/application
  Rendered sessions/new.html.erb within layouts/application (1.7ms)
Completed 200 OK in 25ms (Views: 22.1ms | ActiveRecord: 0.2ms)


Started POST "/login" for ::1 at 2019-05-07 11:48:45 -0500
Processing by SessionsController#create as HTML
  Parameters: {"utf8"=>"✓", "authenticity_token"=>"g3sIFGBOvlYME+UMZAhGLXBM2q6H1N2eS4avSO9RAo3DCk7iJh2wZn5QKXQzxuvMTOtL5EiHRE52NL4arwankQ==", "username"=>"Vidhi", "password"=>"[FILTERED]", "commit"=>"Login"}
  [1m[36mUser Load (0.6ms)[0m  [1m[34mSELECT  "users".* FROM "users" WHERE "users"."id" = ? LIMIT ?[0m  [["id", 1], ["LIMIT", 1]]
  [1m[36mUser Load (0.2ms)[0m  [1m[34mSELECT  "users".* FROM "users" WHERE "users"."username" = ? LIMIT ?[0m  [["username", "Vidhi"], ["LIMIT", 1]]
Redirected to http://localhost:3000/login
Completed 302 Found in 83ms (ActiveRecord: 0.8ms)


Started GET "/login" for ::1 at 2019-05-07 11:48:45 -0500
Processing by SessionsController#new as HTML
  [1m[36mUser Load (0.1ms)[0m  [1m[34mSELECT  "users".* FROM "users" WHERE "users"."id" = ? LIMIT ?[0m  [["id", 1], ["LIMIT", 1]]
  Rendering sessions/new.html.erb within layouts/application
  Rendered sessions/new.html.erb within layouts/application (1.0ms)
Completed 200 OK in 47ms (Views: 45.4ms | ActiveRecord: 0.1ms)


Started GET "/login" for ::1 at 2019-05-07 11:49:29 -0500
Processing by SessionsController#new as HTML
Redirected to http://localhost:3000/login
Filter chain halted as :authenticated rendered or redirected
Completed 302 Found in 1ms (ActiveRecord: 0.0ms)


Started GET "/login" for ::1 at 2019-05-07 11:49:29 -0500
Processing by SessionsController#new as HTML
Redirected to http://localhost:3000/login
Filter chain halted as :authenticated rendered or redirected
Completed 302 Found in 0ms (ActiveRecord: 0.0ms)


Started GET "/login" for ::1 at 2019-05-07 11:49:29 -0500
Processing by SessionsController#new as HTML
Redirected to http://localhost:3000/login
Filter chain halted as :authenticated rendered or redirected
Completed 302 Found in 0ms (ActiveRecord: 0.0ms)


Started GET "/login" for ::1 at 2019-05-07 11:49:29 -0500
Processing by SessionsController#new as HTML
Redirected to http://localhost:3000/login
Filter chain halted as :authenticated rendered or redirected
Completed 302 Found in 1ms (ActiveRecord: 0.0ms)


Started GET "/login" for ::1 at 2019-05-07 11:49:29 -0500
Processing by SessionsController#new as HTML
Redirected to http://localhost:3000/login
Filter chain halted as :authenticated rendered or redirected
Completed 302 Found in 1ms (ActiveRecord: 0.0ms)


Started GET "/login" for ::1 at 2019-05-07 11:49:29 -0500
Processing by SessionsController#new as HTML
Redirected to http://localhost:3000/login
Filter chain halted as :authenticated rendered or redirected
Completed 302 Found in 0ms (ActiveRecord: 0.0ms)


Started GET "/login" for ::1 at 2019-05-07 11:49:29 -0500
Processing by SessionsController#new as HTML
Redirected to http://localhost:3000/login
Filter chain halted as :authenticated rendered or redirected
Completed 302 Found in 0ms (ActiveRecord: 0.0ms)


Started GET "/login" for ::1 at 2019-05-07 11:49:29 -0500
Processing by SessionsController#new as HTML
Redirected to http://localhost:3000/login
Filter chain halted as :authenticated rendered or redirected
Completed 302 Found in 1ms (ActiveRecord: 0.0ms)


Started GET "/login" for ::1 at 2019-05-07 11:49:29 -0500
Processing by SessionsController#new as HTML
Redirected to http://localhost:3000/login
Filter chain halted as :authenticated rendered or redirected
Completed 302 Found in 0ms (ActiveRecord: 0.0ms)


Started GET "/login" for ::1 at 2019-05-07 11:49:29 -0500
Processing by SessionsController#new as HTML
Redirected to http://localhost:3000/login
Filter chain halted as :authenticated rendered or redirected
Completed 302 Found in 1ms (ActiveRecord: 0.0ms)


Started GET "/login" for ::1 at 2019-05-07 11:49:29 -0500
Processing by SessionsController#new as HTML
Redirected to http://localhost:3000/login
Filter chain halted as :authenticated rendered or redirected
Completed 302 Found in 0ms (ActiveRecord: 0.0ms)


Started GET "/login" for ::1 at 2019-05-07 11:49:29 -0500
Processing by SessionsController#new as HTML
Redirected to http://localhost:3000/login
Filter chain halted as :authenticated rendered or redirected
Completed 302 Found in 1ms (ActiveRecord: 0.0ms)


Started GET "/login" for ::1 at 2019-05-07 11:49:29 -0500
Processing by SessionsController#new as HTML
Redirected to http://localhost:3000/login
Filter chain halted as :authenticated rendered or redirected
Completed 302 Found in 0ms (ActiveRecord: 0.0ms)


Started GET "/login" for ::1 at 2019-05-07 11:49:29 -0500
Processing by SessionsController#new as HTML
Redirected to http://localhost:3000/login
Filter chain halted as :authenticated rendered or redirected
Completed 302 Found in 1ms (ActiveRecord: 0.0ms)


Started GET "/login" for ::1 at 2019-05-07 11:49:29 -0500
Processing by SessionsController#new as HTML
Redirected to http://localhost:3000/login
Filter chain halted as :authenticated rendered or redirected
Completed 302 Found in 1ms (ActiveRecord: 0.0ms)


Started GET "/login" for ::1 at 2019-05-07 11:49:29 -0500
Processing by SessionsController#new as HTML
Redirected to http://localhost:3000/login
Filter chain halted as :authenticated rendered or redirected
Completed 302 Found in 0ms (ActiveRecord: 0.0ms)


Started GET "/login" for ::1 at 2019-05-07 11:49:29 -0500
Processing by SessionsController#new as HTML
Redirected to http://localhost:3000/login
Filter chain halted as :authenticated rendered or redirected
Completed 302 Found in 1ms (ActiveRecord: 0.0ms)


Started GET "/login" for ::1 at 2019-05-07 11:49:29 -0500
Processing by SessionsController#new as HTML
Redirected to http://localhost:3000/login
Filter chain halted as :authenticated rendered or redirected
Completed 302 Found in 0ms (ActiveRecord: 0.0ms)


Started GET "/login" for ::1 at 2019-05-07 11:49:29 -0500
Processing by SessionsController#new as HTML
Redirected to http://localhost:3000/login
Filter chain halted as :authenticated rendered or redirected
Completed 302 Found in 0ms (ActiveRecord: 0.0ms)


Started GET "/login" for ::1 at 2019-05-07 11:49:29 -0500
Processing by SessionsController#new as HTML
Redirected to http://localhost:3000/login
Filter chain halted as :authenticated rendered or redirected
Completed 302 Found in 0ms (ActiveRecord: 0.0ms)


Started GET "/login" for ::1 at 2019-05-07 11:49:30 -0500
Processing by SessionsController#new as HTML
Redirected to http://localhost:3000/login
Filter chain halted as :authenticated rendered or redirected
Completed 302 Found in 1ms (ActiveRecord: 0.0ms)


Started GET "/login" for ::1 at 2019-05-07 11:49:30 -0500
Processing by SessionsController#new as HTML
Redirected to http://localhost:3000/login
Filter chain halted as :authenticated rendered or redirected
Completed 302 Found in 1ms (ActiveRecord: 0.0ms)


Started GET "/login" for ::1 at 2019-05-07 11:49:30 -0500
Processing by SessionsController#new as HTML
Redirected to http://localhost:3000/login
Filter chain halted as :authenticated rendered or redirected
Completed 302 Found in 1ms (ActiveRecord: 0.0ms)


Started GET "/login" for ::1 at 2019-05-07 11:49:30 -0500
Processing by SessionsController#new as HTML
Redirected to http://localhost:3000/login
Filter chain halted as :authenticated rendered or redirected
Completed 302 Found in 1ms (ActiveRecord: 0.0ms)


Started GET "/login" for ::1 at 2019-05-07 11:49:30 -0500
Processing by SessionsController#new as HTML
Redirected to http://localhost:3000/login
Filter chain halted as :authenticated rendered or redirected
Completed 302 Found in 1ms (ActiveRecord: 0.0ms)


Started GET "/login" for ::1 at 2019-05-07 11:49:30 -0500
Processing by SessionsController#new as HTML
Redirected to http://localhost:3000/login
Filter chain halted as :authenticated rendered or redirected
Completed 302 Found in 1ms (ActiveRecord: 0.0ms)


Started GET "/login" for ::1 at 2019-05-07 11:49:30 -0500
Processing by SessionsController#new as HTML
Redirected to http://localhost:3000/login
Filter chain halted as :authenticated rendered or redirected
Completed 302 Found in 0ms (ActiveRecord: 0.0ms)


Started GET "/login" for ::1 at 2019-05-07 11:49:30 -0500
Processing by SessionsController#new as HTML
Redirected to http://localhost:3000/login
Filter chain halted as :authenticated rendered or redirected
Completed 302 Found in 0ms (ActiveRecord: 0.0ms)


Started GET "/login" for ::1 at 2019-05-07 11:49:30 -0500
Processing by SessionsController#new as HTML
Redirected to http://localhost:3000/login
Filter chain halted as :authenticated rendered or redirected
Completed 302 Found in 0ms (ActiveRecord: 0.0ms)


Started GET "/login" for ::1 at 2019-05-07 11:49:30 -0500
Processing by SessionsController#new as HTML
Redirected to http://localhost:3000/login
Filter chain halted as :authenticated rendered or redirected
Completed 302 Found in 0ms (ActiveRecord: 0.0ms)


Started GET "/login" for ::1 at 2019-05-07 11:49:30 -0500
Processing by SessionsController#new as HTML
Redirected to http://localhost:3000/login
Filter chain halted as :authenticated rendered or redirected
Completed 302 Found in 1ms (ActiveRecord: 0.0ms)


Started GET "/login" for ::1 at 2019-05-07 11:49:30 -0500
Processing by SessionsController#new as HTML
Redirected to http://localhost:3000/login
Filter chain halted as :authenticated rendered or redirected
Completed 302 Found in 1ms (ActiveRecord: 0.0ms)


Started GET "/login" for ::1 at 2019-05-07 11:49:30 -0500
Processing by SessionsController#new as HTML
Redirected to http://localhost:3000/login
Filter chain halted as :authenticated rendered or redirected
Completed 302 Found in 1ms (ActiveRecord: 0.0ms)


Started GET "/login" for ::1 at 2019-05-07 11:49:30 -0500
Processing by SessionsController#new as HTML
Redirected to http://localhost:3000/login
Filter chain halted as :authenticated rendered or redirected
Completed 302 Found in 2ms (ActiveRecord: 0.0ms)


Started GET "/login" for ::1 at 2019-05-07 11:49:30 -0500
Processing by SessionsController#new as HTML
Redirected to http://localhost:3000/login
Filter chain halted as :authenticated rendered or redirected
Completed 302 Found in 2ms (ActiveRecord: 0.0ms)


Started GET "/login" for ::1 at 2019-05-07 11:49:30 -0500
Processing by SessionsController#new as HTML
Redirected to http://localhost:3000/login
Filter chain halted as :authenticated rendered or redirected
Completed 302 Found in 1ms (ActiveRecord: 0.0ms)


Started GET "/login" for ::1 at 2019-05-07 11:49:30 -0500
Processing by SessionsController#new as HTML
Redirected to http://localhost:3000/login
Filter chain halted as :authenticated rendered or redirected
Completed 302 Found in 1ms (ActiveRecord: 0.0ms)


Started GET "/login" for ::1 at 2019-05-07 11:49:30 -0500
Processing by SessionsController#new as HTML
Redirected to http://localhost:3000/login
Filter chain halted as :authenticated rendered or redirected
Completed 302 Found in 1ms (ActiveRecord: 0.0ms)


Started GET "/login" for ::1 at 2019-05-07 11:49:30 -0500
Processing by SessionsController#new as HTML
Redirected to http://localhost:3000/login
Filter chain halted as :authenticated rendered or redirected
Completed 302 Found in 0ms (ActiveRecord: 0.0ms)


Started GET "/login" for ::1 at 2019-05-07 11:49:30 -0500
Processing by SessionsController#new as HTML
Redirected to http://localhost:3000/login
Filter chain halted as :authenticated rendered or redirected
Completed 302 Found in 1ms (ActiveRecord: 0.0ms)


Started GET "/login" for ::1 at 2019-05-07 11:49:35 -0500
Processing by SessionsController#new as HTML
Redirected to http://localhost:3000/login
Filter chain halted as :authenticated rendered or redirected
Completed 302 Found in 1ms (ActiveRecord: 0.0ms)


Started GET "/login" for ::1 at 2019-05-07 11:49:35 -0500
Processing by SessionsController#new as HTML
Redirected to http://localhost:3000/login
Filter chain halted as :authenticated rendered or redirected
Completed 302 Found in 1ms (ActiveRecord: 0.0ms)


Started GET "/login" for ::1 at 2019-05-07 11:49:35 -0500
Processing by SessionsController#new as HTML
Redirected to http://localhost:3000/login
Filter chain halted as :authenticated rendered or redirected
Completed 302 Found in 1ms (ActiveRecord: 0.0ms)


Started GET "/login" for ::1 at 2019-05-07 11:49:35 -0500
Processing by SessionsController#new as HTML
Redirected to http://localhost:3000/login
Filter chain halted as :authenticated rendered or redirected
Completed 302 Found in 1ms (ActiveRecord: 0.0ms)


Started GET "/login" for ::1 at 2019-05-07 11:49:35 -0500
Processing by SessionsController#new as HTML
Redirected to http://localhost:3000/login
Filter chain halted as :authenticated rendered or redirected
Completed 302 Found in 0ms (ActiveRecord: 0.0ms)


Started GET "/login" for ::1 at 2019-05-07 11:49:35 -0500
Processing by SessionsController#new as HTML
Redirected to http://localhost:3000/login
Filter chain halted as :authenticated rendered or redirected
Completed 302 Found in 1ms (ActiveRecord: 0.0ms)


Started GET "/login" for ::1 at 2019-05-07 11:49:35 -0500
Processing by SessionsController#new as HTML
Redirected to http://localhost:3000/login
Filter chain halted as :authenticated rendered or redirected
Completed 302 Found in 1ms (ActiveRecord: 0.0ms)


Started GET "/login" for ::1 at 2019-05-07 11:49:35 -0500
Processing by SessionsController#new as HTML
Redirected to http://localhost:3000/login
Filter chain halted as :authenticated rendered or redirected
Completed 302 Found in 1ms (ActiveRecord: 0.0ms)


Started GET "/login" for ::1 at 2019-05-07 11:49:35 -0500
Processing by SessionsController#new as HTML
Redirected to http://localhost:3000/login
Filter chain halted as :authenticated rendered or redirected
Completed 302 Found in 1ms (ActiveRecord: 0.0ms)


Started GET "/login" for ::1 at 2019-05-07 11:49:35 -0500
Processing by SessionsController#new as HTML
Redirected to http://localhost:3000/login
Filter chain halted as :authenticated rendered or redirected
Completed 302 Found in 1ms (ActiveRecord: 0.0ms)


Started GET "/login" for ::1 at 2019-05-07 11:49:35 -0500
Processing by SessionsController#new as HTML
Redirected to http://localhost:3000/login
Filter chain halted as :authenticated rendered or redirected
Completed 302 Found in 1ms (ActiveRecord: 0.0ms)


Started GET "/login" for ::1 at 2019-05-07 11:49:35 -0500
Processing by SessionsController#new as HTML
Redirected to http://localhost:3000/login
Filter chain halted as :authenticated rendered or redirected
Completed 302 Found in 1ms (ActiveRecord: 0.0ms)


Started GET "/login" for ::1 at 2019-05-07 11:49:35 -0500
Processing by SessionsController#new as HTML
Redirected to http://localhost:3000/login
Filter chain halted as :authenticated rendered or redirected
Completed 302 Found in 1ms (ActiveRecord: 0.0ms)


Started GET "/login" for ::1 at 2019-05-07 11:49:35 -0500
Processing by SessionsController#new as HTML
Redirected to http://localhost:3000/login
Filter chain halted as :authenticated rendered or redirected
Completed 302 Found in 1ms (ActiveRecord: 0.0ms)


Started GET "/login" for ::1 at 2019-05-07 11:49:35 -0500
Processing by SessionsController#new as HTML
Redirected to http://localhost:3000/login
Filter chain halted as :authenticated rendered or redirected
Completed 302 Found in 1ms (ActiveRecord: 0.0ms)


Started GET "/login" for ::1 at 2019-05-07 11:49:35 -0500
Processing by SessionsController#new as HTML
Redirected to http://localhost:3000/login
Filter chain halted as :authenticated rendered or redirected
Completed 302 Found in 1ms (ActiveRecord: 0.0ms)


Started GET "/login" for ::1 at 2019-05-07 11:49:35 -0500
Processing by SessionsController#new as HTML
Redirected to http://localhost:3000/login
Filter chain halted as :authenticated rendered or redirected
Completed 302 Found in 1ms (ActiveRecord: 0.0ms)


Started GET "/login" for ::1 at 2019-05-07 11:49:35 -0500
Processing by SessionsController#new as HTML
Redirected to http://localhost:3000/login
Filter chain halted as :authenticated rendered or redirected
Completed 302 Found in 2ms (ActiveRecord: 0.0ms)


Started GET "/login" for ::1 at 2019-05-07 11:49:35 -0500
Processing by SessionsController#new as HTML
Redirected to http://localhost:3000/login
Filter chain halted as :authenticated rendered or redirected
Completed 302 Found in 1ms (ActiveRecord: 0.0ms)


Started GET "/login" for ::1 at 2019-05-07 11:49:35 -0500
Processing by SessionsController#new as HTML
Redirected to http://localhost:3000/login
Filter chain halted as :authenticated rendered or redirected
Completed 302 Found in 1ms (ActiveRecord: 0.0ms)


Started GET "/login" for ::1 at 2019-05-07 11:49:40 -0500
Processing by SessionsController#new as HTML
Redirected to http://localhost:3000/login
Filter chain halted as :authenticated rendered or redirected
Completed 302 Found in 1ms (ActiveRecord: 0.0ms)


Started GET "/login" for ::1 at 2019-05-07 11:49:40 -0500
Processing by SessionsController#new as HTML
Redirected to http://localhost:3000/login
Filter chain halted as :authenticated rendered or redirected
Completed 302 Found in 1ms (ActiveRecord: 0.0ms)


Started GET "/login" for ::1 at 2019-05-07 11:49:40 -0500
Processing by SessionsController#new as HTML
Redirected to http://localhost:3000/login
Filter chain halted as :authenticated rendered or redirected
Completed 302 Found in 1ms (ActiveRecord: 0.0ms)


Started GET "/login" for ::1 at 2019-05-07 11:49:40 -0500
Processing by SessionsController#new as HTML
Redirected to http://localhost:3000/login
Filter chain halted as :authenticated rendered or redirected
Completed 302 Found in 1ms (ActiveRecord: 0.0ms)


Started GET "/login" for ::1 at 2019-05-07 11:49:40 -0500
Processing by SessionsController#new as HTML
Redirected to http://localhost:3000/login
Filter chain halted as :authenticated rendered or redirected
Completed 302 Found in 1ms (ActiveRecord: 0.0ms)


Started GET "/login" for ::1 at 2019-05-07 11:49:40 -0500
Processing by SessionsController#new as HTML
Redirected to http://localhost:3000/login
Filter chain halted as :authenticated rendered or redirected
Completed 302 Found in 1ms (ActiveRecord: 0.0ms)


Started GET "/login" for ::1 at 2019-05-07 11:49:40 -0500
Processing by SessionsController#new as HTML
Redirected to http://localhost:3000/login
Filter chain halted as :authenticated rendered or redirected
Completed 302 Found in 1ms (ActiveRecord: 0.0ms)


Started GET "/login" for ::1 at 2019-05-07 11:49:40 -0500
Processing by SessionsController#new as HTML
Redirected to http://localhost:3000/login
Filter chain halted as :authenticated rendered or redirected
Completed 302 Found in 1ms (ActiveRecord: 0.0ms)


Started GET "/login" for ::1 at 2019-05-07 11:49:40 -0500
Processing by SessionsController#new as HTML
Redirected to http://localhost:3000/login
Filter chain halted as :authenticated rendered or redirected
Completed 302 Found in 1ms (ActiveRecord: 0.0ms)


Started GET "/login" for ::1 at 2019-05-07 11:49:40 -0500
Processing by SessionsController#new as HTML
Redirected to http://localhost:3000/login
Filter chain halted as :authenticated rendered or redirected
Completed 302 Found in 1ms (ActiveRecord: 0.0ms)


Started GET "/login" for ::1 at 2019-05-07 11:49:40 -0500
Processing by SessionsController#new as HTML
Redirected to http://localhost:3000/login
Filter chain halted as :authenticated rendered or redirected
Completed 302 Found in 1ms (ActiveRecord: 0.0ms)


Started GET "/login" for ::1 at 2019-05-07 11:49:40 -0500
Processing by SessionsController#new as HTML
Redirected to http://localhost:3000/login
Filter chain halted as :authenticated rendered or redirected
Completed 302 Found in 1ms (ActiveRecord: 0.0ms)


Started GET "/login" for ::1 at 2019-05-07 11:49:40 -0500
Processing by SessionsController#new as HTML
Redirected to http://localhost:3000/login
Filter chain halted as :authenticated rendered or redirected
Completed 302 Found in 1ms (ActiveRecord: 0.0ms)


Started GET "/login" for ::1 at 2019-05-07 11:49:40 -0500
Processing by SessionsController#new as HTML
Redirected to http://localhost:3000/login
Filter chain halted as :authenticated rendered or redirected
Completed 302 Found in 1ms (ActiveRecord: 0.0ms)


Started GET "/login" for ::1 at 2019-05-07 11:49:40 -0500
Processing by SessionsController#new as HTML
Redirected to http://localhost:3000/login
Filter chain halted as :authenticated rendered or redirected
Completed 302 Found in 0ms (ActiveRecord: 0.0ms)


Started GET "/login" for ::1 at 2019-05-07 11:49:40 -0500
Processing by SessionsController#new as HTML
Redirected to http://localhost:3000/login
Filter chain halted as :authenticated rendered or redirected
Completed 302 Found in 1ms (ActiveRecord: 0.0ms)


Started GET "/login" for ::1 at 2019-05-07 11:49:40 -0500
Processing by SessionsController#new as HTML
Redirected to http://localhost:3000/login
Filter chain halted as :authenticated rendered or redirected
Completed 302 Found in 0ms (ActiveRecord: 0.0ms)


Started GET "/login" for ::1 at 2019-05-07 11:49:40 -0500
Processing by SessionsController#new as HTML
Redirected to http://localhost:3000/login
Filter chain halted as :authenticated rendered or redirected
Completed 302 Found in 1ms (ActiveRecord: 0.0ms)


Started GET "/login" for ::1 at 2019-05-07 11:49:40 -0500
Processing by SessionsController#new as HTML
Redirected to http://localhost:3000/login
Filter chain halted as :authenticated rendered or redirected
Completed 302 Found in 1ms (ActiveRecord: 0.0ms)


Started GET "/login" for ::1 at 2019-05-07 11:49:40 -0500
Processing by SessionsController#new as HTML
Redirected to http://localhost:3000/login
Filter chain halted as :authenticated rendered or redirected
Completed 302 Found in 1ms (ActiveRecord: 0.0ms)


Started GET "/login" for ::1 at 2019-05-07 11:49:58 -0500
Processing by SessionsController#new as HTML
Redirected to http://localhost:3000/login
Filter chain halted as :authenticated rendered or redirected
Completed 302 Found in 1ms (ActiveRecord: 0.0ms)


Started GET "/login" for ::1 at 2019-05-07 11:49:58 -0500
Processing by SessionsController#new as HTML
Redirected to http://localhost:3000/login
Filter chain halted as :authenticated rendered or redirected
Completed 302 Found in 1ms (ActiveRecord: 0.0ms)


Started GET "/login" for ::1 at 2019-05-07 11:49:58 -0500
Processing by SessionsController#new as HTML
Redirected to http://localhost:3000/login
Filter chain halted as :authenticated rendered or redirected
Completed 302 Found in 1ms (ActiveRecord: 0.0ms)


Started GET "/login" for ::1 at 2019-05-07 11:49:58 -0500
Processing by SessionsController#new as HTML
Redirected to http://localhost:3000/login
Filter chain halted as :authenticated rendered or redirected
Completed 302 Found in 1ms (ActiveRecord: 0.0ms)


Started GET "/login" for ::1 at 2019-05-07 11:49:58 -0500
Processing by SessionsController#new as HTML
Redirected to http://localhost:3000/login
Filter chain halted as :authenticated rendered or redirected
Completed 302 Found in 1ms (ActiveRecord: 0.0ms)


Started GET "/login" for ::1 at 2019-05-07 11:49:58 -0500
Processing by SessionsController#new as HTML
Redirected to http://localhost:3000/login
Filter chain halted as :authenticated rendered or redirected
Completed 302 Found in 0ms (ActiveRecord: 0.0ms)


Started GET "/login" for ::1 at 2019-05-07 11:49:58 -0500
Processing by SessionsController#new as HTML
Redirected to http://localhost:3000/login
Filter chain halted as :authenticated rendered or redirected
Completed 302 Found in 1ms (ActiveRecord: 0.0ms)


Started GET "/login" for ::1 at 2019-05-07 11:49:58 -0500
Processing by SessionsController#new as HTML
Redirected to http://localhost:3000/login
Filter chain halted as :authenticated rendered or redirected
Completed 302 Found in 0ms (ActiveRecord: 0.0ms)


Started GET "/login" for ::1 at 2019-05-07 11:49:58 -0500
Processing by SessionsController#new as HTML
Redirected to http://localhost:3000/login
Filter chain halted as :authenticated rendered or redirected
Completed 302 Found in 1ms (ActiveRecord: 0.0ms)


Started GET "/login" for ::1 at 2019-05-07 11:49:58 -0500
Processing by SessionsController#new as HTML
Redirected to http://localhost:3000/login
Filter chain halted as :authenticated rendered or redirected
Completed 302 Found in 1ms (ActiveRecord: 0.0ms)


Started GET "/login" for ::1 at 2019-05-07 11:49:58 -0500
Processing by SessionsController#new as HTML
Redirected to http://localhost:3000/login
Filter chain halted as :authenticated rendered or redirected
Completed 302 Found in 1ms (ActiveRecord: 0.0ms)


Started GET "/login" for ::1 at 2019-05-07 11:49:58 -0500
Processing by SessionsController#new as HTML
Redirected to http://localhost:3000/login
Filter chain halted as :authenticated rendered or redirected
Completed 302 Found in 1ms (ActiveRecord: 0.0ms)


Started GET "/login" for ::1 at 2019-05-07 11:49:58 -0500
Processing by SessionsController#new as HTML
Redirected to http://localhost:3000/login
Filter chain halted as :authenticated rendered or redirected
Completed 302 Found in 1ms (ActiveRecord: 0.0ms)


Started GET "/login" for ::1 at 2019-05-07 11:49:58 -0500
Processing by SessionsController#new as HTML
Redirected to http://localhost:3000/login
Filter chain halted as :authenticated rendered or redirected
Completed 302 Found in 1ms (ActiveRecord: 0.0ms)


Started GET "/login" for ::1 at 2019-05-07 11:49:58 -0500
Processing by SessionsController#new as HTML
Redirected to http://localhost:3000/login
Filter chain halted as :authenticated rendered or redirected
Completed 302 Found in 1ms (ActiveRecord: 0.0ms)


Started GET "/login" for ::1 at 2019-05-07 11:49:58 -0500
Processing by SessionsController#new as HTML
Redirected to http://localhost:3000/login
Filter chain halted as :authenticated rendered or redirected
Completed 302 Found in 1ms (ActiveRecord: 0.0ms)


Started GET "/login" for ::1 at 2019-05-07 11:49:58 -0500
Processing by SessionsController#new as HTML
Redirected to http://localhost:3000/login
Filter chain halted as :authenticated rendered or redirected
Completed 302 Found in 1ms (ActiveRecord: 0.0ms)


Started GET "/login" for ::1 at 2019-05-07 11:49:58 -0500
Processing by SessionsController#new as HTML
Redirected to http://localhost:3000/login
Filter chain halted as :authenticated rendered or redirected
Completed 302 Found in 1ms (ActiveRecord: 0.0ms)


Started GET "/login" for ::1 at 2019-05-07 11:49:58 -0500
Processing by SessionsController#new as HTML
Redirected to http://localhost:3000/login
Filter chain halted as :authenticated rendered or redirected
Completed 302 Found in 0ms (ActiveRecord: 0.0ms)


Started GET "/login" for ::1 at 2019-05-07 11:49:58 -0500
Processing by SessionsController#new as HTML
Redirected to http://localhost:3000/login
Filter chain halted as :authenticated rendered or redirected
Completed 302 Found in 1ms (ActiveRecord: 0.0ms)


Started GET "/login" for ::1 at 2019-05-07 11:50:03 -0500
Processing by SessionsController#new as HTML
Redirected to http://localhost:3000/login
Filter chain halted as :authenticated rendered or redirected
Completed 302 Found in 1ms (ActiveRecord: 0.0ms)


Started GET "/login" for ::1 at 2019-05-07 11:50:03 -0500
Processing by SessionsController#new as HTML
Redirected to http://localhost:3000/login
Filter chain halted as :authenticated rendered or redirected
Completed 302 Found in 1ms (ActiveRecord: 0.0ms)


Started GET "/login" for ::1 at 2019-05-07 11:50:03 -0500
Processing by SessionsController#new as HTML
Redirected to http://localhost:3000/login
Filter chain halted as :authenticated rendered or redirected
Completed 302 Found in 1ms (ActiveRecord: 0.0ms)


Started GET "/login" for ::1 at 2019-05-07 11:50:03 -0500
Processing by SessionsController#new as HTML
Redirected to http://localhost:3000/login
Filter chain halted as :authenticated rendered or redirected
Completed 302 Found in 1ms (ActiveRecord: 0.0ms)


Started GET "/login" for ::1 at 2019-05-07 11:50:03 -0500
Processing by SessionsController#new as HTML
Redirected to http://localhost:3000/login
Filter chain halted as :authenticated rendered or redirected
Completed 302 Found in 1ms (ActiveRecord: 0.0ms)


Started GET "/login" for ::1 at 2019-05-07 11:50:03 -0500
Processing by SessionsController#new as HTML
Redirected to http://localhost:3000/login
Filter chain halted as :authenticated rendered or redirected
Completed 302 Found in 1ms (ActiveRecord: 0.0ms)


Started GET "/login" for ::1 at 2019-05-07 11:50:03 -0500
Processing by SessionsController#new as HTML
Redirected to http://localhost:3000/login
Filter chain halted as :authenticated rendered or redirected
Completed 302 Found in 2ms (ActiveRecord: 0.0ms)


Started GET "/login" for ::1 at 2019-05-07 11:50:03 -0500
Processing by SessionsController#new as HTML
Redirected to http://localhost:3000/login
Filter chain halted as :authenticated rendered or redirected
Completed 302 Found in 1ms (ActiveRecord: 0.0ms)


Started GET "/login" for ::1 at 2019-05-07 11:50:03 -0500
Processing by SessionsController#new as HTML
Redirected to http://localhost:3000/login
Filter chain halted as :authenticated rendered or redirected
Completed 302 Found in 1ms (ActiveRecord: 0.0ms)


Started GET "/login" for ::1 at 2019-05-07 11:50:03 -0500
Processing by SessionsController#new as HTML
Redirected to http://localhost:3000/login
Filter chain halted as :authenticated rendered or redirected
Completed 302 Found in 1ms (ActiveRecord: 0.0ms)


Started GET "/login" for ::1 at 2019-05-07 11:50:03 -0500
Processing by SessionsController#new as HTML
Redirected to http://localhost:3000/login
Filter chain halted as :authenticated rendered or redirected
Completed 302 Found in 0ms (ActiveRecord: 0.0ms)


Started GET "/login" for ::1 at 2019-05-07 11:50:03 -0500
Processing by SessionsController#new as HTML
Redirected to http://localhost:3000/login
Filter chain halted as :authenticated rendered or redirected
Completed 302 Found in 0ms (ActiveRecord: 0.0ms)


Started GET "/login" for ::1 at 2019-05-07 11:50:03 -0500
Processing by SessionsController#new as HTML
Redirected to http://localhost:3000/login
Filter chain halted as :authenticated rendered or redirected
Completed 302 Found in 1ms (ActiveRecord: 0.0ms)


Started GET "/login" for ::1 at 2019-05-07 11:50:03 -0500
Processing by SessionsController#new as HTML
Redirected to http://localhost:3000/login
Filter chain halted as :authenticated rendered or redirected
Completed 302 Found in 1ms (ActiveRecord: 0.0ms)


Started GET "/login" for ::1 at 2019-05-07 11:50:03 -0500
Processing by SessionsController#new as HTML
Redirected to http://localhost:3000/login
Filter chain halted as :authenticated rendered or redirected
Completed 302 Found in 0ms (ActiveRecord: 0.0ms)


Started GET "/login" for ::1 at 2019-05-07 11:50:03 -0500
Processing by SessionsController#new as HTML
Redirected to http://localhost:3000/login
Filter chain halted as :authenticated rendered or redirected
Completed 302 Found in 1ms (ActiveRecord: 0.0ms)


Started GET "/login" for ::1 at 2019-05-07 11:50:03 -0500
Processing by SessionsController#new as HTML
Redirected to http://localhost:3000/login
Filter chain halted as :authenticated rendered or redirected
Completed 302 Found in 3ms (ActiveRecord: 0.0ms)


Started GET "/login" for ::1 at 2019-05-07 11:50:03 -0500
Processing by SessionsController#new as HTML
Redirected to http://localhost:3000/login
Filter chain halted as :authenticated rendered or redirected
Completed 302 Found in 1ms (ActiveRecord: 0.0ms)


Started GET "/login" for ::1 at 2019-05-07 11:50:03 -0500
Processing by SessionsController#new as HTML
Redirected to http://localhost:3000/login
Filter chain halted as :authenticated rendered or redirected
Completed 302 Found in 1ms (ActiveRecord: 0.0ms)


Started GET "/login" for ::1 at 2019-05-07 11:50:03 -0500
Processing by SessionsController#new as HTML
Redirected to http://localhost:3000/login
Filter chain halted as :authenticated rendered or redirected
Completed 302 Found in 1ms (ActiveRecord: 0.0ms)


Started GET "/login" for ::1 at 2019-05-07 11:50:04 -0500
Processing by SessionsController#new as HTML
Redirected to http://localhost:3000/login
Filter chain halted as :authenticated rendered or redirected
Completed 302 Found in 1ms (ActiveRecord: 0.0ms)


Started GET "/login" for ::1 at 2019-05-07 11:50:04 -0500
Processing by SessionsController#new as HTML
Redirected to http://localhost:3000/login
Filter chain halted as :authenticated rendered or redirected
Completed 302 Found in 1ms (ActiveRecord: 0.0ms)


Started GET "/login" for ::1 at 2019-05-07 11:50:04 -0500
Processing by SessionsController#new as HTML
Redirected to http://localhost:3000/login
Filter chain halted as :authenticated rendered or redirected
Completed 302 Found in 1ms (ActiveRecord: 0.0ms)


Started GET "/login" for ::1 at 2019-05-07 11:50:04 -0500
Processing by SessionsController#new as HTML
Redirected to http://localhost:3000/login
Filter chain halted as :authenticated rendered or redirected
Completed 302 Found in 1ms (ActiveRecord: 0.0ms)


Started GET "/login" for ::1 at 2019-05-07 11:50:04 -0500
Processing by SessionsController#new as HTML
Redirected to http://localhost:3000/login
Filter chain halted as :authenticated rendered or redirected
Completed 302 Found in 1ms (ActiveRecord: 0.0ms)


Started GET "/login" for ::1 at 2019-05-07 11:50:04 -0500
Processing by SessionsController#new as HTML
Redirected to http://localhost:3000/login
Filter chain halted as :authenticated rendered or redirected
Completed 302 Found in 2ms (ActiveRecord: 0.0ms)


Started GET "/login" for ::1 at 2019-05-07 11:50:04 -0500
Processing by SessionsController#new as HTML
Redirected to http://localhost:3000/login
Filter chain halted as :authenticated rendered or redirected
Completed 302 Found in 1ms (ActiveRecord: 0.0ms)


Started GET "/login" for ::1 at 2019-05-07 11:50:04 -0500
Processing by SessionsController#new as HTML
Redirected to http://localhost:3000/login
Filter chain halted as :authenticated rendered or redirected
Completed 302 Found in 1ms (ActiveRecord: 0.0ms)


Started GET "/login" for ::1 at 2019-05-07 11:50:04 -0500
Processing by SessionsController#new as HTML
Redirected to http://localhost:3000/login
Filter chain halted as :authenticated rendered or redirected
Completed 302 Found in 1ms (ActiveRecord: 0.0ms)


Started GET "/login" for ::1 at 2019-05-07 11:50:04 -0500
Processing by SessionsController#new as HTML
Redirected to http://localhost:3000/login
Filter chain halted as :authenticated rendered or redirected
Completed 302 Found in 3ms (ActiveRecord: 0.0ms)


Started GET "/login" for ::1 at 2019-05-07 11:50:04 -0500
Processing by SessionsController#new as HTML
Redirected to http://localhost:3000/login
Filter chain halted as :authenticated rendered or redirected
Completed 302 Found in 0ms (ActiveRecord: 0.0ms)


Started GET "/login" for ::1 at 2019-05-07 11:50:04 -0500
Processing by SessionsController#new as HTML
Redirected to http://localhost:3000/login
Filter chain halted as :authenticated rendered or redirected
Completed 302 Found in 1ms (ActiveRecord: 0.0ms)


Started GET "/login" for ::1 at 2019-05-07 11:50:04 -0500
Processing by SessionsController#new as HTML
Redirected to http://localhost:3000/login
Filter chain halted as :authenticated rendered or redirected
Completed 302 Found in 1ms (ActiveRecord: 0.0ms)


Started GET "/login" for ::1 at 2019-05-07 11:50:04 -0500
Processing by SessionsController#new as HTML
Redirected to http://localhost:3000/login
Filter chain halted as :authenticated rendered or redirected
Completed 302 Found in 2ms (ActiveRecord: 0.0ms)


Started GET "/login" for ::1 at 2019-05-07 11:50:04 -0500
Processing by SessionsController#new as HTML
Redirected to http://localhost:3000/login
Filter chain halted as :authenticated rendered or redirected
Completed 302 Found in 1ms (ActiveRecord: 0.0ms)


Started GET "/login" for ::1 at 2019-05-07 11:50:04 -0500
Processing by SessionsController#new as HTML
Redirected to http://localhost:3000/login
Filter chain halted as :authenticated rendered or redirected
Completed 302 Found in 1ms (ActiveRecord: 0.0ms)


Started GET "/login" for ::1 at 2019-05-07 11:50:04 -0500
Processing by SessionsController#new as HTML
Redirected to http://localhost:3000/login
Filter chain halted as :authenticated rendered or redirected
Completed 302 Found in 1ms (ActiveRecord: 0.0ms)


Started GET "/login" for ::1 at 2019-05-07 11:50:04 -0500
Processing by SessionsController#new as HTML
Redirected to http://localhost:3000/login
Filter chain halted as :authenticated rendered or redirected
Completed 302 Found in 1ms (ActiveRecord: 0.0ms)


Started GET "/login" for ::1 at 2019-05-07 11:50:04 -0500
Processing by SessionsController#new as HTML
Redirected to http://localhost:3000/login
Filter chain halted as :authenticated rendered or redirected
Completed 302 Found in 1ms (ActiveRecord: 0.0ms)


Started GET "/login" for ::1 at 2019-05-07 11:50:04 -0500
Processing by SessionsController#new as HTML
Redirected to http://localhost:3000/login
Filter chain halted as :authenticated rendered or redirected
Completed 302 Found in 2ms (ActiveRecord: 0.0ms)


Started GET "/login" for ::1 at 2019-05-07 11:51:17 -0500
Processing by SessionsController#new as HTML
  Rendering sessions/new.html.erb within layouts/application
  Rendered sessions/new.html.erb within layouts/application (1.4ms)
Completed 200 OK in 30ms (Views: 26.2ms)


Started GET "/user/3" for ::1 at 2019-05-07 11:51:25 -0500
  
ActionController::RoutingError (No route matches [GET] "/user/3"):
  
actionpack (5.1.7) lib/action_dispatch/middleware/debug_exceptions.rb:63:in `call'
web-console (3.7.0) lib/web_console/middleware.rb:135:in `call_app'
web-console (3.7.0) lib/web_console/middleware.rb:30:in `block in call'
web-console (3.7.0) lib/web_console/middleware.rb:20:in `catch'
web-console (3.7.0) lib/web_console/middleware.rb:20:in `call'
actionpack (5.1.7) lib/action_dispatch/middleware/show_exceptions.rb:31:in `call'
railties (5.1.7) lib/rails/rack/logger.rb:36:in `call_app'
railties (5.1.7) lib/rails/rack/logger.rb:24:in `block in call'
activesupport (5.1.7) lib/active_support/tagged_logging.rb:69:in `block in tagged'
activesupport (5.1.7) lib/active_support/tagged_logging.rb:26:in `tagged'
activesupport (5.1.7) lib/active_support/tagged_logging.rb:69:in `tagged'
railties (5.1.7) lib/rails/rack/logger.rb:24:in `call'
sprockets-rails (3.2.1) lib/sprockets/rails/quiet_assets.rb:13:in `call'
actionpack (5.1.7) lib/action_dispatch/middleware/remote_ip.rb:79:in `call'
actionpack (5.1.7) lib/action_dispatch/middleware/request_id.rb:25:in `call'
rack (2.0.7) lib/rack/method_override.rb:22:in `call'
rack (2.0.7) lib/rack/runtime.rb:22:in `call'
activesupport (5.1.7) lib/active_support/cache/strategy/local_cache_middleware.rb:27:in `call'
actionpack (5.1.7) lib/action_dispatch/middleware/executor.rb:12:in `call'
actionpack (5.1.7) lib/action_dispatch/middleware/static.rb:125:in `call'
rack (2.0.7) lib/rack/sendfile.rb:111:in `call'
railties (5.1.7) lib/rails/engine.rb:522:in `call'
puma (3.12.1) lib/puma/configuration.rb:227:in `call'
puma (3.12.1) lib/puma/server.rb:660:in `handle_request'
puma (3.12.1) lib/puma/server.rb:474:in `process_client'
puma (3.12.1) lib/puma/server.rb:334:in `block in run'
puma (3.12.1) lib/puma/thread_pool.rb:135:in `block in spawn_thread'
Started GET "/users/3" for ::1 at 2019-05-07 11:51:32 -0500
Processing by UsersController#show as HTML
  Parameters: {"id"=>"3"}
Redirected to http://localhost:3000/login
Filter chain halted as :authenticated rendered or redirected
Completed 302 Found in 2ms


Started GET "/login" for ::1 at 2019-05-07 11:51:32 -0500
Processing by SessionsController#new as HTML
  Rendering sessions/new.html.erb within layouts/application
  Rendered sessions/new.html.erb within layouts/application (1.6ms)
Completed 200 OK in 61ms (Views: 57.9ms)


Started GET "/login" for ::1 at 2019-05-07 11:56:29 -0500
  
NoMethodError (undefined method `destroy' for #<ActionDispatch::Routing::Mapper:0x00007fc4edda62b8>):
  
config/routes.rb:6:in `block in <top (required)>'
config/routes.rb:1:in `<top (required)>'
Started GET "/login" for ::1 at 2019-05-07 11:56:45 -0500
  
NoMethodError (undefined method `destroy' for #<ActionDispatch::Routing::Mapper:0x00007fc4f12ce800>):
  
config/routes.rb:6:in `block in <top (required)>'
config/routes.rb:1:in `<top (required)>'
Started GET "/login" for ::1 at 2019-05-07 11:57:02 -0500
Processing by SessionsController#new as HTML
  Rendering sessions/new.html.erb within layouts/application
  Rendered sessions/new.html.erb within layouts/application (1.0ms)
Completed 200 OK in 28ms (Views: 26.7ms)


Started POST "/login" for ::1 at 2019-05-07 11:57:23 -0500
Processing by SessionsController#create as HTML
  Parameters: {"utf8"=>"✓", "authenticity_token"=>"iWMf9enRXn7fKCD0Gi4n0p8ToNBFVtZ+OuJJ2hn2vZsnbsvNYY91dSlfmFddz3d7merwvRdunabZr+0/eEmCoA==", "username"=>"Vidhi", "password"=>"[FILTERED]", "commit"=>"Login"}
  [1m[36mUser Load (0.2ms)[0m  [1m[34mSELECT  "users".* FROM "users" WHERE "users"."username" = ? LIMIT ?[0m  [["username", "Vidhi"], ["LIMIT", 1]]
Redirected to http://localhost:3000/users/1
Completed 302 Found in 86ms (ActiveRecord: 1.9ms)


Started GET "/users/1" for ::1 at 2019-05-07 11:57:23 -0500
Processing by UsersController#show as HTML
  Parameters: {"id"=>"1"}
  [1m[36mUser Load (0.2ms)[0m  [1m[34mSELECT  "users".* FROM "users" WHERE "users"."id" = ? LIMIT ?[0m  [["id", 1], ["LIMIT", 1]]
  [1m[36mCACHE User Load (0.0ms)[0m  [1m[34mSELECT  "users".* FROM "users" WHERE "users"."id" = ? LIMIT ?[0m  [["id", 1], ["LIMIT", 1]]
  [1m[36mCACHE User Load (0.0ms)[0m  [1m[34mSELECT  "users".* FROM "users" WHERE "users"."id" = ? LIMIT ?[0m  [["id", 1], ["LIMIT", 1]]
  Rendering users/show.html.erb within layouts/application
  Rendered users/show.html.erb within layouts/application (245.5ms)
Completed 500 Internal Server Error in 251ms (ActiveRecord: 0.2ms)


  
ActionView::Template::Error (undefined local variable or method `session_path' for #<#<Class:0x00007fc4edc69580>:0x00007fc4f0e5b6d8>
Did you mean?  sessions_path):
    1: <%= @user.username %>
    2: <%= link_to "Logout", session_path, method: :destroy %>
  
app/views/users/show.html.erb:2:in `_app_views_users_show_html_erb___1199677372715385621_70241889767120'
Started GET "/users/1" for ::1 at 2019-05-07 11:57:40 -0500
Processing by UsersController#show as HTML
  Parameters: {"id"=>"1"}
  [1m[36mUser Load (0.2ms)[0m  [1m[34mSELECT  "users".* FROM "users" WHERE "users"."id" = ? LIMIT ?[0m  [["id", 1], ["LIMIT", 1]]
  [1m[36mCACHE User Load (0.0ms)[0m  [1m[34mSELECT  "users".* FROM "users" WHERE "users"."id" = ? LIMIT ?[0m  [["id", 1], ["LIMIT", 1]]
  [1m[36mCACHE User Load (0.0ms)[0m  [1m[34mSELECT  "users".* FROM "users" WHERE "users"."id" = ? LIMIT ?[0m  [["id", 1], ["LIMIT", 1]]
  Rendering users/show.html.erb within layouts/application
  Rendered users/show.html.erb within layouts/application (0.6ms)
Completed 200 OK in 24ms (Views: 19.9ms | ActiveRecord: 0.3ms)


Started POST "/sessions" for ::1 at 2019-05-07 11:57:43 -0500
  
ActionController::RoutingError (No route matches [POST] "/sessions"):
  
actionpack (5.1.7) lib/action_dispatch/middleware/debug_exceptions.rb:63:in `call'
web-console (3.7.0) lib/web_console/middleware.rb:135:in `call_app'
web-console (3.7.0) lib/web_console/middleware.rb:30:in `block in call'
web-console (3.7.0) lib/web_console/middleware.rb:20:in `catch'
web-console (3.7.0) lib/web_console/middleware.rb:20:in `call'
actionpack (5.1.7) lib/action_dispatch/middleware/show_exceptions.rb:31:in `call'
railties (5.1.7) lib/rails/rack/logger.rb:36:in `call_app'
railties (5.1.7) lib/rails/rack/logger.rb:24:in `block in call'
activesupport (5.1.7) lib/active_support/tagged_logging.rb:69:in `block in tagged'
activesupport (5.1.7) lib/active_support/tagged_logging.rb:26:in `tagged'
activesupport (5.1.7) lib/active_support/tagged_logging.rb:69:in `tagged'
railties (5.1.7) lib/rails/rack/logger.rb:24:in `call'
sprockets-rails (3.2.1) lib/sprockets/rails/quiet_assets.rb:13:in `call'
actionpack (5.1.7) lib/action_dispatch/middleware/remote_ip.rb:79:in `call'
actionpack (5.1.7) lib/action_dispatch/middleware/request_id.rb:25:in `call'
rack (2.0.7) lib/rack/method_override.rb:22:in `call'
rack (2.0.7) lib/rack/runtime.rb:22:in `call'
activesupport (5.1.7) lib/active_support/cache/strategy/local_cache_middleware.rb:27:in `call'
actionpack (5.1.7) lib/action_dispatch/middleware/executor.rb:12:in `call'
actionpack (5.1.7) lib/action_dispatch/middleware/static.rb:125:in `call'
rack (2.0.7) lib/rack/sendfile.rb:111:in `call'
railties (5.1.7) lib/rails/engine.rb:522:in `call'
puma (3.12.1) lib/puma/configuration.rb:227:in `call'
puma (3.12.1) lib/puma/server.rb:660:in `handle_request'
puma (3.12.1) lib/puma/server.rb:474:in `process_client'
puma (3.12.1) lib/puma/server.rb:334:in `block in run'
puma (3.12.1) lib/puma/thread_pool.rb:135:in `block in spawn_thread'
Started GET "/sessions" for ::1 at 2019-05-07 11:58:08 -0500
  
ActionController::RoutingError (No route matches [GET] "/sessions"):
  
actionpack (5.1.7) lib/action_dispatch/middleware/debug_exceptions.rb:63:in `call'
web-console (3.7.0) lib/web_console/middleware.rb:135:in `call_app'
web-console (3.7.0) lib/web_console/middleware.rb:30:in `block in call'
web-console (3.7.0) lib/web_console/middleware.rb:20:in `catch'
web-console (3.7.0) lib/web_console/middleware.rb:20:in `call'
actionpack (5.1.7) lib/action_dispatch/middleware/show_exceptions.rb:31:in `call'
railties (5.1.7) lib/rails/rack/logger.rb:36:in `call_app'
railties (5.1.7) lib/rails/rack/logger.rb:24:in `block in call'
activesupport (5.1.7) lib/active_support/tagged_logging.rb:69:in `block in tagged'
activesupport (5.1.7) lib/active_support/tagged_logging.rb:26:in `tagged'
activesupport (5.1.7) lib/active_support/tagged_logging.rb:69:in `tagged'
railties (5.1.7) lib/rails/rack/logger.rb:24:in `call'
sprockets-rails (3.2.1) lib/sprockets/rails/quiet_assets.rb:13:in `call'
actionpack (5.1.7) lib/action_dispatch/middleware/remote_ip.rb:79:in `call'
actionpack (5.1.7) lib/action_dispatch/middleware/request_id.rb:25:in `call'
rack (2.0.7) lib/rack/method_override.rb:22:in `call'
rack (2.0.7) lib/rack/runtime.rb:22:in `call'
activesupport (5.1.7) lib/active_support/cache/strategy/local_cache_middleware.rb:27:in `call'
actionpack (5.1.7) lib/action_dispatch/middleware/executor.rb:12:in `call'
actionpack (5.1.7) lib/action_dispatch/middleware/static.rb:125:in `call'
rack (2.0.7) lib/rack/sendfile.rb:111:in `call'
railties (5.1.7) lib/rails/engine.rb:522:in `call'
puma (3.12.1) lib/puma/configuration.rb:227:in `call'
puma (3.12.1) lib/puma/server.rb:660:in `handle_request'
puma (3.12.1) lib/puma/server.rb:474:in `process_client'
puma (3.12.1) lib/puma/server.rb:334:in `block in run'
puma (3.12.1) lib/puma/thread_pool.rb:135:in `block in spawn_thread'
Started GET "/users/1" for ::1 at 2019-05-07 11:58:14 -0500
Processing by UsersController#show as HTML
  Parameters: {"id"=>"1"}
  [1m[36mUser Load (0.2ms)[0m  [1m[34mSELECT  "users".* FROM "users" WHERE "users"."id" = ? LIMIT ?[0m  [["id", 1], ["LIMIT", 1]]
  [1m[36mCACHE User Load (0.0ms)[0m  [1m[34mSELECT  "users".* FROM "users" WHERE "users"."id" = ? LIMIT ?[0m  [["id", 1], ["LIMIT", 1]]
  [1m[36mCACHE User Load (0.0ms)[0m  [1m[34mSELECT  "users".* FROM "users" WHERE "users"."id" = ? LIMIT ?[0m  [["id", 1], ["LIMIT", 1]]
  Rendering users/show.html.erb within layouts/application
  Rendered users/show.html.erb within layouts/application (0.7ms)
Completed 200 OK in 29ms (Views: 25.9ms | ActiveRecord: 0.2ms)


Started DELETE "/sessions" for ::1 at 2019-05-07 11:58:16 -0500
Processing by SessionsController#destroy as HTML
  Parameters: {"authenticity_token"=>"BMSjmy2byLUTZIIYrIz0WoRu+23Er6XaQ2JS8gClLVaqyXejpcXjvuUTOrvrbaTzgperAJaX7gKgL/YXYRoSbQ=="}
  [1m[36mUser Load (0.9ms)[0m  [1m[34mSELECT  "users".* FROM "users" WHERE "users"."id" = ? LIMIT ?[0m  [["id", 1], ["LIMIT", 1]]
No template found for SessionsController#destroy, rendering head :no_content
Completed 204 No Content in 34ms (ActiveRecord: 0.9ms)


Started DELETE "/sessions" for ::1 at 2019-05-07 11:58:17 -0500
Processing by SessionsController#destroy as HTML
  Parameters: {"authenticity_token"=>"BMSjmy2byLUTZIIYrIz0WoRu+23Er6XaQ2JS8gClLVaqyXejpcXjvuUTOrvrbaTzgperAJaX7gKgL/YXYRoSbQ=="}
Redirected to http://localhost:3000/login
Filter chain halted as :authenticated rendered or redirected
Completed 302 Found in 3ms (ActiveRecord: 0.0ms)


Started GET "/login" for ::1 at 2019-05-07 11:58:17 -0500
Processing by SessionsController#new as HTML
  Rendering sessions/new.html.erb within layouts/application
  Rendered sessions/new.html.erb within layouts/application (2.2ms)
Completed 200 OK in 35ms (Views: 32.2ms | ActiveRecord: 0.0ms)


Started POST "/login" for ::1 at 2019-05-07 11:58:32 -0500
Processing by SessionsController#create as HTML
  Parameters: {"utf8"=>"✓", "authenticity_token"=>"iF8PwH60Qp18uDtTfqKZTLN2ENhFySHAte3YacOM070mUtv49upplorPg/A5Q8nltY9AtRfxahhWoHyMojPshg==", "username"=>"Scott", "password"=>"[FILTERED]", "commit"=>"Login"}
  [1m[36mUser Load (0.8ms)[0m  [1m[34mSELECT  "users".* FROM "users" WHERE "users"."username" = ? LIMIT ?[0m  [["username", "Scott"], ["LIMIT", 1]]
Redirected to http://localhost:3000/login
Completed 302 Found in 66ms (ActiveRecord: 0.8ms)


Started GET "/login" for ::1 at 2019-05-07 11:58:32 -0500
Processing by SessionsController#new as HTML
  Rendering sessions/new.html.erb within layouts/application
  Rendered sessions/new.html.erb within layouts/application (1.2ms)
Completed 200 OK in 33ms (Views: 31.8ms | ActiveRecord: 0.0ms)


Started POST "/login" for ::1 at 2019-05-07 11:58:42 -0500
Processing by SessionsController#create as HTML
  Parameters: {"utf8"=>"✓", "authenticity_token"=>"vL6Ftjtv6VTS2oPEhpOD6BDDLTCNbP//AqsSMFWjgtYSs1GOszHCXyStO2fBctNBFjp9Xd9UtCfh5rbVNBy97Q==", "username"=>"Vidhi", "password"=>"[FILTERED]", "commit"=>"Login"}
  [1m[36mUser Load (0.5ms)[0m  [1m[34mSELECT  "users".* FROM "users" WHERE "users"."username" = ? LIMIT ?[0m  [["username", "Vidhi"], ["LIMIT", 1]]
Redirected to http://localhost:3000/users/1
Completed 302 Found in 79ms (ActiveRecord: 0.5ms)


Started GET "/users/1" for ::1 at 2019-05-07 11:58:42 -0500
Processing by UsersController#show as HTML
  Parameters: {"id"=>"1"}
  [1m[36mUser Load (0.3ms)[0m  [1m[34mSELECT  "users".* FROM "users" WHERE "users"."id" = ? LIMIT ?[0m  [["id", 1], ["LIMIT", 1]]
  [1m[36mCACHE User Load (0.0ms)[0m  [1m[34mSELECT  "users".* FROM "users" WHERE "users"."id" = ? LIMIT ?[0m  [["id", 1], ["LIMIT", 1]]
  [1m[36mCACHE User Load (0.0ms)[0m  [1m[34mSELECT  "users".* FROM "users" WHERE "users"."id" = ? LIMIT ?[0m  [["id", 1], ["LIMIT", 1]]
  Rendering users/show.html.erb within layouts/application
  Rendered users/show.html.erb within layouts/application (0.7ms)
Completed 200 OK in 86ms (Views: 80.8ms | ActiveRecord: 0.3ms)


Started GET "/users/2" for ::1 at 2019-05-07 11:58:45 -0500
Processing by UsersController#show as HTML
  Parameters: {"id"=>"2"}
  [1m[36mUser Load (0.2ms)[0m  [1m[34mSELECT  "users".* FROM "users" WHERE "users"."id" = ? LIMIT ?[0m  [["id", 1], ["LIMIT", 1]]
  [1m[36mCACHE User Load (0.0ms)[0m  [1m[34mSELECT  "users".* FROM "users" WHERE "users"."id" = ? LIMIT ?[0m  [["id", 1], ["LIMIT", 1]]
  [1m[36mCACHE User Load (0.0ms)[0m  [1m[34mSELECT  "users".* FROM "users" WHERE "users"."id" = ? LIMIT ?[0m  [["id", 1], ["LIMIT", 1]]
  Rendering users/show.html.erb within layouts/application
  Rendered users/show.html.erb within layouts/application (1.6ms)
Completed 200 OK in 25ms (Views: 21.1ms | ActiveRecord: 0.3ms)


